Started by user [8mha:////4BMGkg3j4zNuSbeulW5IjFjaD1nGIqcqfegRoL5kSA3FAAAAlx+LCAAAAAAAAP9b85aBtbiIQTGjNKU4P08vOT+vOD8nVc83PyU1x6OyILUoJzMv2y+/JJUBAhiZGBgqihhk0NSjKDWzXb3RdlLBUSYGJk8GtpzUvPSSDB8G5tKinBIGIZ+sxLJE/ZzEvHT94JKizLx0a6BxUmjGOUNodHsLgAzWEgZu/dLi1CL9xJTczDwAj6GcLcAAAAA=[0mFatih
Running as SYSTEM
Building in workspace /var/jenkins_home/workspace/docker-job
[docker-job] $ ansible-playbook /var/jenkins_home/ansible/docker.yml -i /var/jenkins_home/ansible/hosts -f 5 -e "MSG='Guys you are amazing'"
/usr/local/lib/python3.5/dist-packages/ansible/parsing/vault/__init__.py:44: CryptographyDeprecationWarning: Python 3.5 support will be dropped in the next release of cryptography. Please upgrade your Python.
  from cryptography.exceptions import InvalidSignature

PLAY [test1] *******************************************************************

TASK [Gathering Facts] *********************************************************
ok: [test1]
ERROR! the field 'hosts' is required but was not set
FATAL: command execution failed
hudson.AbortException: Ansible playbook execution failed
	at org.jenkinsci.plugins.ansible.AnsiblePlaybookBuilder.perform(AnsiblePlaybookBuilder.java:262)
	at org.jenkinsci.plugins.ansible.AnsiblePlaybookBuilder.perform(AnsiblePlaybookBuilder.java:232)
	at jenkins.tasks.SimpleBuildStep.perform(SimpleBuildStep.java:123)
	at hudson.tasks.BuildStepCompatibilityLayer.perform(BuildStepCompatibilityLayer.java:80)
	at hudson.tasks.BuildStepMonitor$1.perform(BuildStepMonitor.java:20)
	at hudson.model.AbstractBuild$AbstractBuildExecution.perform(AbstractBuild.java:804)
	at hudson.model.Build$BuildExecution.build(Build.java:197)
	at hudson.model.Build$BuildExecution.doRun(Build.java:163)
	at hudson.model.AbstractBuild$AbstractBuildExecution.run(AbstractBuild.java:514)
	at hudson.model.Run.execute(Run.java:1907)
	at hudson.model.FreeStyleBuild.run(FreeStyleBuild.java:43)
	at hudson.model.ResourceController.execute(ResourceController.java:97)
	at hudson.model.Executor.run(Executor.java:429)
ERROR: Ansible playbook execution failed
Finished: FAILURE
